RST Header Capitalization Log
Run date: 2025-12-19 13:34:17.152118
============================================================

File: C:\Users\Karen\VS Code Projects\FLO-2D-Docs\source\flo-2d_pro\Data Input Manual Pro 2025\Chapter 1.rst
  BEFORE: CHAPTER 1: FLO-2D Installation and Getting Started
  AFTER : Chapter 1: FLO-2D Installation and Getting Started

File: C:\Users\Karen\VS Code Projects\FLO-2D-Docs\source\flo-2d_pro\Data Input Manual Pro 2025\Chapter 1.rst
  BEFORE: GENERAL
  AFTER : General

File: C:\Users\Karen\VS Code Projects\FLO-2D-Docs\source\flo-2d_pro\Data Input Manual Pro 2025\Chapter 1.rst
  BEFORE: FLO-2D INSTALLATION
  AFTER : FLO-2D Installation

File: C:\Users\Karen\VS Code Projects\FLO-2D-Docs\source\flo-2d_pro\Data Input Manual Pro 2025\Chapter 1.rst
  BEFORE: UN-INSTALLING THE FLO-2D SOFTWARE
  AFTER : Un-installing the FLO-2D Software

File: C:\Users\Karen\VS Code Projects\FLO-2D-Docs\source\flo-2d_pro\Data Input Manual Pro 2025\Chapter 1.rst
  BEFORE: GETTING STARTED
  AFTER : Getting Started

File: C:\Users\Karen\VS Code Projects\FLO-2D-Docs\source\flo-2d_pro\Data Input Manual Pro 2025\Chapter 1.rst
  BEFORE: MODEL COMPONENT CONSIDERATIONS
  AFTER : Model Component Considerations

File: C:\Users\Karen\VS Code Projects\FLO-2D-Docs\source\flo-2d_pro\Data Input Manual Pro 2025\Chapter 2.rst
  BEFORE: CHAPTER 2: HELP AND RESOURCES
  AFTER : Chapter 2: Help and Resources

File: C:\Users\Karen\VS Code Projects\FLO-2D-Docs\source\flo-2d_pro\Data Input Manual Pro 2025\Chapter 2.rst
  BEFORE: FLO-2D TUTORIALS
  AFTER : FLO-2D Tutorials

File: C:\Users\Karen\VS Code Projects\FLO-2D-Docs\source\flo-2d_pro\Data Input Manual Pro 2025\Chapter 2.rst
  BEFORE: FLO-2D EXAMPLE FLOOD SIMULATIONS
  AFTER : FLO-2D Example Flood Simulations

File: C:\Users\Karen\VS Code Projects\FLO-2D-Docs\source\flo-2d_pro\Data Input Manual Pro 2025\Chapter 2.rst
  BEFORE: FLO-2D POWERPOINT PRESENTATION
  AFTER : FLO-2D Powerpoint Presentation

File: C:\Users\Karen\VS Code Projects\FLO-2D-Docs\source\flo-2d_pro\Data Input Manual Pro 2025\Chapter 2.rst
  BEFORE: OTHER HELP DOCUMENTS
  AFTER : Other Help Documents

File: C:\Users\Karen\VS Code Projects\FLO-2D-Docs\source\flo-2d_pro\Data Input Manual Pro 2025\Chapter 2.rst
  BEFORE: METRIC OPTION
  AFTER : Metric Option

File: C:\Users\Karen\VS Code Projects\FLO-2D-Docs\source\flo-2d_pro\Data Input Manual Pro 2025\Chapter 3.rst
  BEFORE: CHAPTER 3: PRE-PROCESSOR PROGRAMS
  AFTER : Chapter 3: Pre-processor Programs

File: C:\Users\Karen\VS Code Projects\FLO-2D-Docs\source\flo-2d_pro\Data Input Manual Pro 2025\Chapter 3.rst
  BEFORE: INTRODUCTION
  AFTER : Introduction

File: C:\Users\Karen\VS Code Projects\FLO-2D-Docs\source\flo-2d_pro\Data Input Manual Pro 2025\Chapter 3.rst
  BEFORE: QGIS FLO-2D PLUGIN
  AFTER : Qgis FLO-2D Plugin

File: C:\Users\Karen\VS Code Projects\FLO-2D-Docs\source\flo-2d_pro\Data Input Manual Pro 2025\Chapter 3.rst
  BEFORE: GDS
  AFTER : Gds

File: C:\Users\Karen\VS Code Projects\FLO-2D-Docs\source\flo-2d_pro\Data Input Manual Pro 2025\Chapter 3.rst
  BEFORE: PROFILES
  AFTER : Profiles

File: C:\Users\Karen\VS Code Projects\FLO-2D-Docs\source\flo-2d_pro\Data Input Manual Pro 2025\Chapter 4.rst
  BEFORE: CHAPTER 4: Input Data File Description
  AFTER : Chapter 4: Input Data File Description

File: C:\Users\Karen\VS Code Projects\FLO-2D-Docs\source\flo-2d_pro\Data Input Manual Pro 2025\Chapter 4.rst
  BEFORE: GENERAL
  AFTER : General

File: C:\Users\Karen\VS Code Projects\FLO-2D-Docs\source\flo-2d_pro\Data Input Manual Pro 2025\Chapter 4.rst
  BEFORE: FILE:  CONT.DAT
  AFTER : File: CONT.DAT

File: C:\Users\Karen\VS Code Projects\FLO-2D-Docs\source\flo-2d_pro\Data Input Manual Pro 2025\Chapter 4.rst
  BEFORE: SYSTEM CONTROL DATA
  AFTER : System Control Data

File: C:\Users\Karen\VS Code Projects\FLO-2D-Docs\source\flo-2d_pro\Data Input Manual Pro 2025\Chapter 4.rst
  BEFORE: FILE: TOLER.DAT
  AFTER : File: TOLER.DAT

File: C:\Users\Karen\VS Code Projects\FLO-2D-Docs\source\flo-2d_pro\Data Input Manual Pro 2025\Chapter 4.rst
  BEFORE: NUMERICAL STABILITY CONTROL DATA
  AFTER : Numerical Stability Control Data

File: C:\Users\Karen\VS Code Projects\FLO-2D-Docs\source\flo-2d_pro\Data Input Manual Pro 2025\Chapter 4.rst
  BEFORE: FILE: FPLAIN.DAT
  AFTER : File: FPLAIN.DAT

File: C:\Users\Karen\VS Code Projects\FLO-2D-Docs\source\flo-2d_pro\Data Input Manual Pro 2025\Chapter 4.rst
  BEFORE: FLOODPLAIN GRID ELEMENT DATA
  AFTER : Floodplain Grid Element Data

File: C:\Users\Karen\VS Code Projects\FLO-2D-Docs\source\flo-2d_pro\Data Input Manual Pro 2025\Chapter 4.rst
  BEFORE:     ...
  AFTER : ...

File: C:\Users\Karen\VS Code Projects\FLO-2D-Docs\source\flo-2d_pro\Data Input Manual Pro 2025\Chapter 4.rst
  BEFORE: FILE: MANNINGS_N.DAT
  AFTER : File: MANNINGS_N.DAT

File: C:\Users\Karen\VS Code Projects\FLO-2D-Docs\source\flo-2d_pro\Data Input Manual Pro 2025\Chapter 4.rst
  BEFORE: FLOODPLAIN GRID ELEMENT NVALUE DATA
  AFTER : Floodplain Grid Element Nvalue Data

File: C:\Users\Karen\VS Code Projects\FLO-2D-Docs\source\flo-2d_pro\Data Input Manual Pro 2025\Chapter 4.rst
  BEFORE:     ...
  AFTER : ...

File: C:\Users\Karen\VS Code Projects\FLO-2D-Docs\source\flo-2d_pro\Data Input Manual Pro 2025\Chapter 4.rst
  BEFORE: FILE: TOPO.DAT
  AFTER : File: TOPO.DAT

File: C:\Users\Karen\VS Code Projects\FLO-2D-Docs\source\flo-2d_pro\Data Input Manual Pro 2025\Chapter 4.rst
  BEFORE: TOPOGRAPHICAL ELEVATION DATA
  AFTER : Topographical Elevation Data

File: C:\Users\Karen\VS Code Projects\FLO-2D-Docs\source\flo-2d_pro\Data Input Manual Pro 2025\Chapter 4.rst
  BEFORE: FILE: INFLOW.DAT
  AFTER : File: INFLOW.DAT

File: C:\Users\Karen\VS Code Projects\FLO-2D-Docs\source\flo-2d_pro\Data Input Manual Pro 2025\Chapter 4.rst
  BEFORE: INFLOW HYDROGRAPH DATA
  AFTER : Inflow Hydrograph Data

File: C:\Users\Karen\VS Code Projects\FLO-2D-Docs\source\flo-2d_pro\Data Input Manual Pro 2025\Chapter 4.rst
  BEFORE: FILE: OUTFLOW.DAT
  AFTER : File: OUTFLOW.DAT

File: C:\Users\Karen\VS Code Projects\FLO-2D-Docs\source\flo-2d_pro\Data Input Manual Pro 2025\Chapter 4.rst
  BEFORE: OUTFLOW HYDROGRAPH DATA
  AFTER : Outflow Hydrograph Data

File: C:\Users\Karen\VS Code Projects\FLO-2D-Docs\source\flo-2d_pro\Data Input Manual Pro 2025\Chapter 4.rst
  BEFORE: FILE: RAIN.DAT
  AFTER : File: RAIN.DAT

File: C:\Users\Karen\VS Code Projects\FLO-2D-Docs\source\flo-2d_pro\Data Input Manual Pro 2025\Chapter 4.rst
  BEFORE: RAINFALL DATA
  AFTER : Rainfall Data

File: C:\Users\Karen\VS Code Projects\FLO-2D-Docs\source\flo-2d_pro\Data Input Manual Pro 2025\Chapter 4.rst
  BEFORE: FILE: RAINCELL.DAT
  AFTER : File: RAINCELL.DAT

File: C:\Users\Karen\VS Code Projects\FLO-2D-Docs\source\flo-2d_pro\Data Input Manual Pro 2025\Chapter 4.rst
  BEFORE: FILE: FLO2DRAINCELL.DAT
  AFTER : File: FLO2DRAINCELL.DAT

File: C:\Users\Karen\VS Code Projects\FLO-2D-Docs\source\flo-2d_pro\Data Input Manual Pro 2025\Chapter 4.rst
  BEFORE:     .
  AFTER : .

File: C:\Users\Karen\VS Code Projects\FLO-2D-Docs\source\flo-2d_pro\Data Input Manual Pro 2025\Chapter 4.rst
  BEFORE: FILE: RAINCELLRAW.DAT
  AFTER : File: RAINCELLRAW.DAT

File: C:\Users\Karen\VS Code Projects\FLO-2D-Docs\source\flo-2d_pro\Data Input Manual Pro 2025\Chapter 4.rst
  BEFORE: FILE: INFIL.DAT
  AFTER : File: INFIL.DAT

File: C:\Users\Karen\VS Code Projects\FLO-2D-Docs\source\flo-2d_pro\Data Input Manual Pro 2025\Chapter 4.rst
  BEFORE: INFILTRATION DATA
  AFTER : Infiltration Data

File: C:\Users\Karen\VS Code Projects\FLO-2D-Docs\source\flo-2d_pro\Data Input Manual Pro 2025\Chapter 4.rst
  BEFORE: FILE: EVAPOR.DAT
  AFTER : File: EVAPOR.DAT

File: C:\Users\Karen\VS Code Projects\FLO-2D-Docs\source\flo-2d_pro\Data Input Manual Pro 2025\Chapter 4.rst
  BEFORE: EVAPORATION DATA
  AFTER : Evaporation Data

File: C:\Users\Karen\VS Code Projects\FLO-2D-Docs\source\flo-2d_pro\Data Input Manual Pro 2025\Chapter 4.rst
  BEFORE: FILE: CHAN.DAT
  AFTER : File: CHAN.DAT

File: C:\Users\Karen\VS Code Projects\FLO-2D-Docs\source\flo-2d_pro\Data Input Manual Pro 2025\Chapter 4.rst
  BEFORE: CHANNEL DATA
  AFTER : Channel Data

File: C:\Users\Karen\VS Code Projects\FLO-2D-Docs\source\flo-2d_pro\Data Input Manual Pro 2025\Chapter 4.rst
  BEFORE: FILE: CHANBANK.DAT
  AFTER : File: CHANBANK.DAT

File: C:\Users\Karen\VS Code Projects\FLO-2D-Docs\source\flo-2d_pro\Data Input Manual Pro 2025\Chapter 4.rst
  BEFORE: CHANNEL BANK DATA
  AFTER : Channel Bank Data

File: C:\Users\Karen\VS Code Projects\FLO-2D-Docs\source\flo-2d_pro\Data Input Manual Pro 2025\Chapter 4.rst
  BEFORE: FILE: XSEC.DAT
  AFTER : File: XSEC.DAT

File: C:\Users\Karen\VS Code Projects\FLO-2D-Docs\source\flo-2d_pro\Data Input Manual Pro 2025\Chapter 4.rst
  BEFORE: CROSS-SECTION DATA
  AFTER : Cross-section Data

File: C:\Users\Karen\VS Code Projects\FLO-2D-Docs\source\flo-2d_pro\Data Input Manual Pro 2025\Chapter 4.rst
  BEFORE: FILE: HYSTRUC.DAT
  AFTER : File: HYSTRUC.DAT

File: C:\Users\Karen\VS Code Projects\FLO-2D-Docs\source\flo-2d_pro\Data Input Manual Pro 2025\Chapter 4.rst
  BEFORE: HYDRAULIC STRUCTURE DATA
  AFTER : Hydraulic Structure Data

File: C:\Users\Karen\VS Code Projects\FLO-2D-Docs\source\flo-2d_pro\Data Input Manual Pro 2025\Chapter 4.rst
  BEFORE:      -
  AFTER : -

File: C:\Users\Karen\VS Code Projects\FLO-2D-Docs\source\flo-2d_pro\Data Input Manual Pro 2025\Chapter 4.rst
  BEFORE: FILE: SUBMERGE_FACTOR.DAT
  AFTER : File: SUBMERGE_FACTOR.DAT

File: C:\Users\Karen\VS Code Projects\FLO-2D-Docs\source\flo-2d_pro\Data Input Manual Pro 2025\Chapter 4.rst
  BEFORE: SUBMERGENCE DATA
  AFTER : Submergence Data

File: C:\Users\Karen\VS Code Projects\FLO-2D-Docs\source\flo-2d_pro\Data Input Manual Pro 2025\Chapter 4.rst
  BEFORE: FILE: STREET.DAT
  AFTER : File: STREET.DAT

File: C:\Users\Karen\VS Code Projects\FLO-2D-Docs\source\flo-2d_pro\Data Input Manual Pro 2025\Chapter 4.rst
  BEFORE: STREET DATA
  AFTER : Street Data

File: C:\Users\Karen\VS Code Projects\FLO-2D-Docs\source\flo-2d_pro\Data Input Manual Pro 2025\Chapter 4.rst
  BEFORE: FILE: ARF.DAT
  AFTER : File: ARF.DAT

File: C:\Users\Karen\VS Code Projects\FLO-2D-Docs\source\flo-2d_pro\Data Input Manual Pro 2025\Chapter 4.rst
  BEFORE: FLOODPLAIN AREA WIDTH REDUCTION DATA
  AFTER : Floodplain Area Width Reduction Data

File: C:\Users\Karen\VS Code Projects\FLO-2D-Docs\source\flo-2d_pro\Data Input Manual Pro 2025\Chapter 4.rst
  BEFORE: FILE: MULT.DAT
  AFTER : File: MULT.DAT

File: C:\Users\Karen\VS Code Projects\FLO-2D-Docs\source\flo-2d_pro\Data Input Manual Pro 2025\Chapter 4.rst
  BEFORE: MULTIPLE CHANNEL (RILL AND GULLY) DATA
  AFTER : Multiple Channel (rill and Gully) Data

File: C:\Users\Karen\VS Code Projects\FLO-2D-Docs\source\flo-2d_pro\Data Input Manual Pro 2025\Chapter 4.rst
  BEFORE: FILE: SIMPLE_MULT.DAT
  AFTER : File: SIMPLE_MULT.DAT

File: C:\Users\Karen\VS Code Projects\FLO-2D-Docs\source\flo-2d_pro\Data Input Manual Pro 2025\Chapter 4.rst
  BEFORE: MULTIPLE CHANNEL DATA
  AFTER : Multiple Channel Data

File: C:\Users\Karen\VS Code Projects\FLO-2D-Docs\source\flo-2d_pro\Data Input Manual Pro 2025\Chapter 4.rst
  BEFORE: FILE: SED.DAT
  AFTER : File: SED.DAT

File: C:\Users\Karen\VS Code Projects\FLO-2D-Docs\source\flo-2d_pro\Data Input Manual Pro 2025\Chapter 4.rst
  BEFORE: MUDFLOW AND SEDIMENT TRANSPORT DATA
  AFTER : Mudflow and Sediment Transport Data

File: C:\Users\Karen\VS Code Projects\FLO-2D-Docs\source\flo-2d_pro\Data Input Manual Pro 2025\Chapter 4.rst
  BEFORE: FILE: LEVEE.DAT
  AFTER : File: LEVEE.DAT

File: C:\Users\Karen\VS Code Projects\FLO-2D-Docs\source\flo-2d_pro\Data Input Manual Pro 2025\Chapter 4.rst
  BEFORE: LEVEE AND FAILURE DATA
  AFTER : Levee and Failure Data

File: C:\Users\Karen\VS Code Projects\FLO-2D-Docs\source\flo-2d_pro\Data Input Manual Pro 2025\Chapter 4.rst
  BEFORE: FILE: FPXSEC.DAT
  AFTER : File: FPXSEC.DAT

File: C:\Users\Karen\VS Code Projects\FLO-2D-Docs\source\flo-2d_pro\Data Input Manual Pro 2025\Chapter 4.rst
  BEFORE: FLOODPLAIN CROSS-SECTION DATA
  AFTER : Floodplain Cross-section Data

File: C:\Users\Karen\VS Code Projects\FLO-2D-Docs\source\flo-2d_pro\Data Input Manual Pro 2025\Chapter 4.rst
  BEFORE: FILE: BREACH.DAT
  AFTER : File: BREACH.DAT

File: C:\Users\Karen\VS Code Projects\FLO-2D-Docs\source\flo-2d_pro\Data Input Manual Pro 2025\Chapter 4.rst
  BEFORE: DAM AND LEVEE BREACH DATA
  AFTER : Dam and Levee Breach Data

File: C:\Users\Karen\VS Code Projects\FLO-2D-Docs\source\flo-2d_pro\Data Input Manual Pro 2025\Chapter 4.rst
  BEFORE: FILE: FPFROUDE.DAT
  AFTER : File: FPFROUDE.DAT

File: C:\Users\Karen\VS Code Projects\FLO-2D-Docs\source\flo-2d_pro\Data Input Manual Pro 2025\Chapter 4.rst
  BEFORE: FLOODPLAIN LIMITING FROUDE NUMBERS
  AFTER : Floodplain Limiting Froude Numbers

File: C:\Users\Karen\VS Code Projects\FLO-2D-Docs\source\flo-2d_pro\Data Input Manual Pro 2025\Chapter 4.rst
  BEFORE: FILE: SWMMFLO.DAT
  AFTER : File: SWMMFLO.DAT

File: C:\Users\Karen\VS Code Projects\FLO-2D-Docs\source\flo-2d_pro\Data Input Manual Pro 2025\Chapter 4.rst
  BEFORE: STORM DRAIN DATA FILE
  AFTER : Storm Drain Data File

File: C:\Users\Karen\VS Code Projects\FLO-2D-Docs\source\flo-2d_pro\Data Input Manual Pro 2025\Chapter 4.rst
  BEFORE: FILE: SWMMFLORT.DAT
  AFTER : File: SWMMFLORT.DAT

File: C:\Users\Karen\VS Code Projects\FLO-2D-Docs\source\flo-2d_pro\Data Input Manual Pro 2025\Chapter 4.rst
  BEFORE: STORM DRAIN TYPE 4 RATING TABLE FILE
  AFTER : Storm Drain Type 4 Rating Table File

File: C:\Users\Karen\VS Code Projects\FLO-2D-Docs\source\flo-2d_pro\Data Input Manual Pro 2025\Chapter 4.rst
  BEFORE: FILE: SWMMOUTF.DAT
  AFTER : File: SWMMOUTF.DAT

File: C:\Users\Karen\VS Code Projects\FLO-2D-Docs\source\flo-2d_pro\Data Input Manual Pro 2025\Chapter 4.rst
  BEFORE: STORM DRAIN OUTFALL ID DATA FILE
  AFTER : Storm Drain Outfall Id Data File

File: C:\Users\Karen\VS Code Projects\FLO-2D-Docs\source\flo-2d_pro\Data Input Manual Pro 2025\Chapter 4.rst
  BEFORE: FILE: SDCLOGGING.DAT
  AFTER : File: SDCLOGGING.DAT

File: C:\Users\Karen\VS Code Projects\FLO-2D-Docs\source\flo-2d_pro\Data Input Manual Pro 2025\Chapter 4.rst
  BEFORE: STORM DRAIN BLOCKAGE METHOD FILE
  AFTER : Storm Drain Blockage Method File

File: C:\Users\Karen\VS Code Projects\FLO-2D-Docs\source\flo-2d_pro\Data Input Manual Pro 2025\Chapter 4.rst
  BEFORE: FILE: SWMMFLODROPBOX.DAT
  AFTER : File: SWMMFLODROPBOX.DAT

File: C:\Users\Karen\VS Code Projects\FLO-2D-Docs\source\flo-2d_pro\Data Input Manual Pro 2025\Chapter 4.rst
  BEFORE: STORM DRAIN BLOCKAGE METHOD FILE
  AFTER : Storm Drain Blockage Method File

File: C:\Users\Karen\VS Code Projects\FLO-2D-Docs\source\flo-2d_pro\Data Input Manual Pro 2025\Chapter 4.rst
  BEFORE: FILE: TOLSPATIAL.DAT
  AFTER : File: TOLSPATIAL.DAT

File: C:\Users\Karen\VS Code Projects\FLO-2D-Docs\source\flo-2d_pro\Data Input Manual Pro 2025\Chapter 4.rst
  BEFORE: SPATIALLY VARIABLE TOLLERANCE VALUES
  AFTER : Spatially Variable Tollerance Values

File: C:\Users\Karen\VS Code Projects\FLO-2D-Docs\source\flo-2d_pro\Data Input Manual Pro 2025\Chapter 4.rst
  BEFORE: FILE: WSURF.DAT
  AFTER : File: WSURF.DAT

File: C:\Users\Karen\VS Code Projects\FLO-2D-Docs\source\flo-2d_pro\Data Input Manual Pro 2025\Chapter 4.rst
  BEFORE: WATER SURFACE ELEVATION COMPARISON
  AFTER : Water Surface Elevation Comparison

File: C:\Users\Karen\VS Code Projects\FLO-2D-Docs\source\flo-2d_pro\Data Input Manual Pro 2025\Chapter 4.rst
  BEFORE: FILE: WSTIME.DAT
  AFTER : File: WSTIME.DAT

File: C:\Users\Karen\VS Code Projects\FLO-2D-Docs\source\flo-2d_pro\Data Input Manual Pro 2025\Chapter 4.rst
  BEFORE: WATER SURFACE ELEVATION COMPARISON
  AFTER : Water Surface Elevation Comparison

File: C:\Users\Karen\VS Code Projects\FLO-2D-Docs\source\flo-2d_pro\Data Input Manual Pro 2025\Chapter 4.rst
  BEFORE: FILE: TIMDEPCELL.DAT
  AFTER : File: TIMDEPCELL.DAT

File: C:\Users\Karen\VS Code Projects\FLO-2D-Docs\source\flo-2d_pro\Data Input Manual Pro 2025\Chapter 4.rst
  BEFORE: ARRAY OF GRID ELEMENTS FOR TIME OUTPUT
  AFTER : Array Of Grid Elements for Time Output

File: C:\Users\Karen\VS Code Projects\FLO-2D-Docs\source\flo-2d_pro\Data Input Manual Pro 2025\Chapter 4.rst
  BEFORE: FILE: SHALLOWN_SPATIAL.DAT ARRAY OF GRID ELEMENTS FOR SPATIALLY VARIABLE SHALLOW N
  AFTER : File: SHALLOWN_SPATIAL.DAT Array Of Grid Elements for Spatially Variable Shallow N

File: C:\Users\Karen\VS Code Projects\FLO-2D-Docs\source\flo-2d_pro\Data Input Manual Pro 2025\Chapter 4.rst
  BEFORE: FILE: GUTTER.DAT
  AFTER : File: GUTTER.DAT

File: C:\Users\Karen\VS Code Projects\FLO-2D-Docs\source\flo-2d_pro\Data Input Manual Pro 2025\Chapter 4.rst
  BEFORE: FLOODPLAIN STREET ELEMENT GUTTER DATA
  AFTER : Floodplain Street Element Gutter Data

File: C:\Users\Karen\VS Code Projects\FLO-2D-Docs\source\flo-2d_pro\Data Input Manual Pro 2025\Chapter 4.rst
  BEFORE: FILE: BUILDING_COLLAPSE.DAT
  AFTER : File: BUILDING_COLLAPSE.DAT

File: C:\Users\Karen\VS Code Projects\FLO-2D-Docs\source\flo-2d_pro\Data Input Manual Pro 2025\Chapter 4.rst
  BEFORE: BUILDING COLLAPSE PARAMETERS
  AFTER : Building Collapse Parameters

File: C:\Users\Karen\VS Code Projects\FLO-2D-Docs\source\flo-2d_pro\Data Input Manual Pro 2025\Chapter 4.rst
  BEFORE: FILE: OUTRC.DAT
  AFTER : File: OUTRC.DAT

File: C:\Users\Karen\VS Code Projects\FLO-2D-Docs\source\flo-2d_pro\Data Input Manual Pro 2025\Chapter 4.rst
  BEFORE: SURFACE WATER RATING TABLES
  AFTER : Surface Water Rating Tables

File: C:\Users\Karen\VS Code Projects\FLO-2D-Docs\source\flo-2d_pro\Data Input Manual Pro 2025\Chapter 4.rst
  BEFORE: FILE: CHAN_INTERIOR_NODES.DAT
  AFTER : File: CHAN_INTERIOR_NODES.DAT

File: C:\Users\Karen\VS Code Projects\FLO-2D-Docs\source\flo-2d_pro\Data Input Manual Pro 2025\Chapter 4.rst
  BEFORE: ARRAY OF INTERIOR GRID ELEMENTS
  AFTER : Array Of Interior Grid Elements

File: C:\Users\Karen\VS Code Projects\FLO-2D-Docs\source\flo-2d_pro\Data Input Manual Pro 2025\Chapter 4.rst
  BEFORE: FILE: BRIDGE_XSEC.DAT
  AFTER : File: BRIDGE_XSEC.DAT

File: C:\Users\Karen\VS Code Projects\FLO-2D-Docs\source\flo-2d_pro\Data Input Manual Pro 2025\Chapter 4.rst
  BEFORE: BRIDGE CROSS-SECTIONS
  AFTER : Bridge Cross-sections

File: C:\Users\Karen\VS Code Projects\FLO-2D-Docs\source\flo-2d_pro\Data Input Manual Pro 2025\Chapter 4.rst
  BEFORE: FILE: TAILINGS.DAT
  AFTER : File: TAILINGS.DAT

File: C:\Users\Karen\VS Code Projects\FLO-2D-Docs\source\flo-2d_pro\Data Input Manual Pro 2025\Chapter 4.rst
  BEFORE: TAILINGS DEPTH DATA
  AFTER : Tailings Depth Data

File: C:\Users\Karen\VS Code Projects\FLO-2D-Docs\source\flo-2d_pro\Data Input Manual Pro 2025\Chapter 4.rst
  BEFORE: FILE: TAILINGS_CV.DAT
  AFTER : File: TAILINGS_CV.DAT

File: C:\Users\Karen\VS Code Projects\FLO-2D-Docs\source\flo-2d_pro\Data Input Manual Pro 2025\Chapter 4.rst
  BEFORE: TAILINGS DATA
  AFTER : Tailings Data

File: C:\Users\Karen\VS Code Projects\FLO-2D-Docs\source\flo-2d_pro\Data Input Manual Pro 2025\Chapter 4.rst
  BEFORE: FILE: TAILINGS_STACK_DEPTH.DAT
  AFTER : File: TAILINGS_STACK_DEPTH.DAT

File: C:\Users\Karen\VS Code Projects\FLO-2D-Docs\source\flo-2d_pro\Data Input Manual Pro 2025\Chapter 4.rst
  BEFORE: TAILINGS DEPTH DATA
  AFTER : Tailings Depth Data

File: C:\Users\Karen\VS Code Projects\FLO-2D-Docs\source\flo-2d_pro\Data Input Manual Pro 2025\Chapter 4.rst
  BEFORE: FILE: LID_VOLUME.DAT
  AFTER : File: LID_VOLUME.DAT

File: C:\Users\Karen\VS Code Projects\FLO-2D-Docs\source\flo-2d_pro\Data Input Manual Pro 2025\Chapter 4.rst
  BEFORE: LOW IMPACT DEVELOPMENT DATA FILE
  AFTER : Low Impact Development Data File

File: C:\Users\Karen\VS Code Projects\FLO-2D-Docs\source\flo-2d_pro\Data Input Manual Pro 2025\Chapter 4.rst
  BEFORE: FILE: MULTDOMAIN.DAT
  AFTER : File: MULTDOMAIN.DAT

File: C:\Users\Karen\VS Code Projects\FLO-2D-Docs\source\flo-2d_pro\Data Input Manual Pro 2025\Chapter 4.rst
  BEFORE: MULTIPLE DOMAIN DATA FILE
  AFTER : Multiple Domain Data File

File: C:\Users\Karen\VS Code Projects\FLO-2D-Docs\source\flo-2d_pro\Data Input Manual Pro 2025\Chapter 4.rst
  BEFORE: FILE: STEEP_SLOPEN.DAT
  AFTER : File: STEEP_SLOPEN.DAT

File: C:\Users\Karen\VS Code Projects\FLO-2D-Docs\source\flo-2d_pro\Data Input Manual Pro 2025\Chapter 4.rst
  BEFORE: STEEP SLOPE N VALUE DATA FILE
  AFTER : Steep Slope N Value Data File

File: C:\Users\Karen\VS Code Projects\FLO-2D-Docs\source\flo-2d_pro\Data Input Manual Pro 2025\Chapter 4.rst
  BEFORE:     245
  AFTER : 245

File: C:\Users\Karen\VS Code Projects\FLO-2D-Docs\source\flo-2d_pro\Data Input Manual Pro 2025\Chapter 5.rst
  BEFORE: Chapter 5: OUTPUT FILES AND OPTIONS
  AFTER : Chapter 5: Output Files and Options

File: C:\Users\Karen\VS Code Projects\FLO-2D-Docs\source\flo-2d_pro\Data Input Manual Pro 2025\Chapter 5.rst
  BEFORE: BASIC GUIDELINES FOR USING OUTPUT FILES.
  AFTER : Basic Guidelines for Using Output Files.

File: C:\Users\Karen\VS Code Projects\FLO-2D-Docs\source\flo-2d_pro\Data Input Manual Pro 2025\Chapter 5.rst
  BEFORE:      -
  AFTER : -

File: C:\Users\Karen\VS Code Projects\FLO-2D-Docs\source\flo-2d_pro\Data Input Manual Pro 2025\Chapter 5.rst
  BEFORE:      -
  AFTER : -

File: C:\Users\Karen\VS Code Projects\FLO-2D-Docs\source\flo-2d_pro\Data Input Manual Pro 2025\Chapter 5.rst
  BEFORE:      -
  AFTER : -

File: C:\Users\Karen\VS Code Projects\FLO-2D-Docs\source\flo-2d_pro\Data Input Manual Pro 2025\Chapter 5.rst
  BEFORE:      -
  AFTER : -

File: C:\Users\Karen\VS Code Projects\FLO-2D-Docs\source\flo-2d_pro\Data Input Manual Pro 2025\Chapter 5.rst
  BEFORE:      -
  AFTER : -

File: C:\Users\Karen\VS Code Projects\FLO-2D-Docs\source\flo-2d_pro\Data Input Manual Pro 2025\Chapter 5.rst
  BEFORE:      -
  AFTER : -

File: C:\Users\Karen\VS Code Projects\FLO-2D-Docs\source\flo-2d_pro\Data Input Manual Pro 2025\Chapter 5.rst
  BEFORE:      -
  AFTER : -

File: C:\Users\Karen\VS Code Projects\FLO-2D-Docs\source\flo-2d_pro\Data Input Manual Pro 2025\Chapter 6.rst
  BEFORE: CHAPTER 6: POST-PROCESSOR PROGRAMS
  AFTER : Chapter 6: Post-processor Programs

File: C:\Users\Karen\VS Code Projects\FLO-2D-Docs\source\flo-2d_pro\Data Input Manual Pro 2025\Chapter 6.rst
  BEFORE: HYDROG
  AFTER : Hydrog

File: C:\Users\Karen\VS Code Projects\FLO-2D-Docs\source\flo-2d_pro\Data Input Manual Pro 2025\Chapter 7.rst
  BEFORE: CHAPTER 7: DEBUGGING AND TROUBLE SHOOTING THE DATA FILES
  AFTER : Chapter 7: Debugging and Trouble Shooting the Data Files

File: C:\Users\Karen\VS Code Projects\FLO-2D-Docs\source\flo-2d_pro\Data Input Manual Pro 2025\Chapter 7.rst
  BEFORE:      -
  AFTER : -

File: C:\Users\Karen\VS Code Projects\FLO-2D-Docs\source\flo-2d_pro\Data Input Manual Pro 2025\index.rst
  BEFORE: DATA INPUT MANUAL PRO
  AFTER : Data Input Manual Pro

File: C:\Users\Karen\VS Code Projects\FLO-2D-Docs\source\flo-2d_pro\Data Input Manual Pro 2025\Preface.rst
  BEFORE: PREFACE
  AFTER : Preface

File: C:\Users\Karen\VS Code Projects\FLO-2D-Docs\source\flo-2d_pro\Data Input Manual Pro 2025\Preface.rst
  BEFORE: FLO-2D INPUT DATA OVERVIEW
  AFTER : FLO-2D Input Data Overview